#
# An unexpected error has been detected by Java Runtime Environment:
#
#  EXCEPTION_ACCESS_VIOLATION (0xc0000005) at pc=0x0000000180008790, pid=12512, tid=640
#
# Java VM: Java HotSpot(TM) 64-Bit Server VM (11.3-b02 mixed mode windows-amd64)
# Problematic frame:
# C  [rxtxSerial.dll+0x8790]
#
# If you would like to submit a bug report, please visit:
#   http://java.sun.com/webapps/bugreport/crash.jsp
# The crash happened outside the Java Virtual Machine in native code.
# See problematic frame for where to report the bug.
#

---------------  T H R E A D  ---------------

Current thread (0x000000000019b400):  JavaThread "main" [_thread_in_native, id=640, stack(0x0000000002030000,0x0000000002130000)]

siginfo: ExceptionCode=0xc0000005, reading address 0x00000000000000f8

Registers:
EAX=0x0000000000000002, EBX=0x0000000006e61000, ECX=0x0000000000000001, EDX=0x0000000000000000
ESP=0x000000000212f4b0, EBP=0x000000000212f728, ESI=0x000000000627d559, EDI=0x0000000000000000
EIP=0x0000000180008790, EFLAGS=0x0000000000010202

Top of Stack: (sp=0x000000000212f4b0)
0x000000000212f4b0:   0000000006e61000 000000000627d550
0x000000000212f4c0:   0000000000000009 000000006dba8846
0x000000000212f4d0:   000000000627d550 000000018000aab4
0x000000000212f4e0:   000000000019b5c0 0000000000000106
0x000000000212f4f0:   000000008036ba08 000000000212f730
0x000000000212f500:   00000000061a29a0 000000000627d550
0x000000000212f510:   000000000212f728 000000018000b7fe
0x000000000212f520:   00000000001968a0 000000000019bad0
0x000000000212f530:   000000000019b5c0 000000000019beb8
0x000000000212f540:   000000000019b400 0000000000000000
0x000000000212f550:   00001806028248b9 000000007fffffdc
0x000000000212f560:   000000000212f5f0 0000000000000042
0x000000000212f570:   000000000019b5c0 0000000000000000
0x000000000212f580:   000000000627d550 000000018000213d
0x000000000212f590:   000000000019b5c0 000000018001c0b0
0x000000000212f5a0:   0000000000000000 0000000180000000 

Instructions: (pc=0x0000000180008790)
0x0000000180008780:   48 8b 5c 24 30 48 8b 74 24 38 48 83 c4 20 5f c3
0x0000000180008790:   39 87 f8 00 00 00 7d 20 0f 1f 84 00 00 00 00 00 


Stack: [0x0000000002030000,0x0000000002130000],  sp=0x000000000212f4b0,  free space=1021k
Native frames: (J=compiled Java code, j=interpreted, Vv=VM code, C=native code)
C  [rxtxSerial.dll+0x8790]

Java frames: (J=compiled Java code, j=interpreted, Vv=VM code)
j  gnu.io.RXTXPort.open(Ljava/lang/String;)I+0
j  gnu.io.RXTXPort.<init>(Ljava/lang/String;)V+125
j  gnu.io.RXTXCommDriver.getCommPort(Ljava/lang/String;I)Lgnu/io/CommPort;+78
j  gnu.io.CommPortIdentifier.open(Ljava/lang/String;I)Lgnu/io/CommPort;+171
j  test.CommUtil.<init>(Ljava/util/Enumeration;Ljava/lang/String;)V+74
j  test.Test.main([Ljava/lang/String;)V+32
v  ~StubRoutines::call_stub

---------------  P R O C E S S  ---------------

Java Threads: ( => current thread )
  0x000000000624e400 JavaThread "Thread-0" [_thread_in_native, id=6236, stack(0x0000000006c40000,0x0000000006d40000)]
  0x00000000061ffc00 JavaThread "Low Memory Detector" daemon [_thread_blocked, id=9672, stack(0x0000000006a40000,0x0000000006b40000)]
  0x00000000061f9000 JavaThread "CompilerThread1" daemon [_thread_blocked, id=8632, stack(0x0000000006940000,0x0000000006a40000)]
  0x00000000061f3000 JavaThread "CompilerThread0" daemon [_thread_blocked, id=676, stack(0x0000000006840000,0x0000000006940000)]
  0x00000000061f2800 JavaThread "Attach Listener" daemon [_thread_blocked, id=616, stack(0x0000000006740000,0x0000000006840000)]
  0x00000000061f1c00 JavaThread "Signal Dispatcher" daemon [_thread_blocked, id=7300, stack(0x0000000006640000,0x0000000006740000)]
  0x000000000264d800 JavaThread "Finalizer" daemon [_thread_blocked, id=9744, stack(0x0000000006540000,0x0000000006640000)]
  0x000000000264cc00 JavaThread "Reference Handler" daemon [_thread_blocked, id=13836, stack(0x0000000006440000,0x0000000006540000)]
=>0x000000000019b400 JavaThread "main" [_thread_in_native, id=640, stack(0x0000000002030000,0x0000000002130000)]

Other Threads:
  0x00000000061a1c00 VMThread [stack: 0x0000000006340000,0x0000000006440000] [id=4668]
  0x0000000006200000 WatcherThread [stack: 0x0000000006b40000,0x0000000006c40000] [id=13072]

VM state:not at safepoint (normal execution)

VM Mutex/Monitor currently owned by a thread: None

Heap
 PSYoungGen      total 37632K, used 1939K [0x00000000d93f0000, 0x00000000dbde0000, 0x00000001033f0000)
  eden space 32320K, 6% used [0x00000000d93f0000,0x00000000d95d4e10,0x00000000db380000)
  from space 5312K, 0% used [0x00000000db8b0000,0x00000000db8b0000,0x00000000dbde0000)
  to   space 5312K, 0% used [0x00000000db380000,0x00000000db380000,0x00000000db8b0000)
 PSOldGen        total 86016K, used 0K [0x00000000853f0000, 0x000000008a7f0000, 0x00000000d93f0000)
  object space 86016K, 0% used [0x00000000853f0000,0x00000000853f0000,0x000000008a7f0000)
 PSPermGen       total 21248K, used 3710K [0x000000007fff0000, 0x00000000814b0000, 0x00000000853f0000)
  object space 21248K, 17% used [0x000000007fff0000,0x000000008038fba8,0x00000000814b0000)

Dynamic libraries:
0x0000000000400000 - 0x000000000042e000 	E:\Program Files\MyEclipse\Common\binary\com.sun.java.jdk.win32.x86_64_1.6.0.013\bin\javaw.exe
0x00007ff87af50000 - 0x00007ff87b111000 	C:\WINDOWS\SYSTEM32\ntdll.dll
0x00007ff879f20000 - 0x00007ff879fcd000 	C:\WINDOWS\system32\KERNEL32.DLL
0x00007ff877600000 - 0x00007ff8777e8000 	C:\WINDOWS\system32\KERNELBASE.dll
0x00007ff87a490000 - 0x00007ff87a537000 	C:\WINDOWS\system32\ADVAPI32.dll
0x00007ff879e80000 - 0x00007ff879f1d000 	C:\WINDOWS\system32\msvcrt.dll
0x00007ff87a1a0000 - 0x00007ff87a1fb000 	C:\WINDOWS\system32\sechost.dll
0x00007ff87ad70000 - 0x00007ff87ae8c000 	C:\WINDOWS\system32\RPCRT4.dll
0x00007ff87a040000 - 0x00007ff87a196000 	C:\WINDOWS\system32\USER32.dll
0x00007ff879c80000 - 0x00007ff879e06000 	C:\WINDOWS\system32\GDI32.dll
0x00007ff87ab70000 - 0x00007ff87abab000 	C:\WINDOWS\system32\IMM32.DLL
0x000000006d890000 - 0x000000006de48000 	E:\Program Files\MyEclipse\Common\binary\com.sun.java.jdk.win32.x86_64_1.6.0.013\jre\bin\server\jvm.dll
0x00007ff875720000 - 0x00007ff875743000 	C:\WINDOWS\SYSTEM32\WINMM.dll
0x00007ff875600000 - 0x00007ff87562c000 	C:\WINDOWS\SYSTEM32\WINMMBASE.dll
0x00007ff877880000 - 0x00007ff8778c3000 	C:\WINDOWS\system32\cfgmgr32.dll
0x000000006d3b0000 - 0x000000006d3ba000 	E:\Program Files\MyEclipse\Common\binary\com.sun.java.jdk.win32.x86_64_1.6.0.013\jre\bin\hpi.dll
0x00007ff8799c0000 - 0x00007ff8799c8000 	C:\WINDOWS\system32\PSAPI.DLL
0x000000006d800000 - 0x000000006d80e000 	E:\Program Files\MyEclipse\Common\binary\com.sun.java.jdk.win32.x86_64_1.6.0.013\jre\bin\verify.dll
0x000000006d450000 - 0x000000006d477000 	E:\Program Files\MyEclipse\Common\binary\com.sun.java.jdk.win32.x86_64_1.6.0.013\jre\bin\java.dll
0x000000006d850000 - 0x000000006d862000 	E:\Program Files\MyEclipse\Common\binary\com.sun.java.jdk.win32.x86_64_1.6.0.013\jre\bin\zip.dll
0x0000000180000000 - 0x0000000180025000 	E:\Program Files\Java\jdk1.8.0_65\bin\rxtxSerial.dll

VM Arguments:
jvm_args: -Dfile.encoding=UTF-8 
java_command: test.Test
Launcher Type: SUN_STANDARD

Environment Variables:
JAVA_HOME=E:\Program Files\Java\jdk1.8.0_65
CLASSPATH=.;E:\Program Files\Java\jdk1.8.0_65\lib\dt.jar;.;E:\Program Files\Java\jdk1.8.0_65\lib\tools.jar
PATH=.;E:\Program Files\Java\jdk1.8.0_65\bin; E:\Program Files\Java\jdk1.8.0_65\jre1.8.0_65\bin;C:\ProgramData\Oracle\Java\javapath;C:\WINDOWS\system32;C:\WINDOWS;C:\WINDOWS\System32\Wbem;C:\WINDOWS\System32\WindowsPowerShell\v1.0\;
USERNAME=controller
OS=Windows_NT
PROCESSOR_IDENTIFIER=Intel64 Family 6 Model 58 Stepping 9, GenuineIntel



---------------  S Y S T E M  ---------------

OS: Windows NT 6.2 Build 9200 

CPU:total 4 (8 cores per cpu, 2 threads per core) family 6 model 10 stepping 9, cmov, cx8, fxsr, mmx, sse, sse2, sse3, ssse3, ht

Memory: 4k page, physical 8251156k(1462108k free), swap 12071684k(2128628k free)

vm_info: Java HotSpot(TM) 64-Bit Server VM (11.3-b02) for windows-amd64 JRE (1.6.0_13-b03), built on Mar  9 2009 10:50:19 by "java_re" with MS VC++ 8.0

time: Tue Sep 27 15:25:23 2016
elapsed time: 0 seconds

